--
--
--
error: unable cast any from NSt3__112basic_stringIDiNS_11char_traitsIDiEENS_9allocatorIDiEEEE to FNSt3__112basic_stringIDiNS_11char_traitsIDiEENS_9allocatorIDiEEEEvE
 error: unable cast any from NSt3__112basic_stringIDiNS_11char_traitsIDiEENS_9allocatorIDiEEEE to FNSt3__112basic_stringIDiNS_11char_traitsIDiEENS_9allocatorIDiEEEEvE
 error: unable cast any from x to FNSt3__112basic_stringIDiNS_11char_traitsIDiEENS_9allocatorIDiEEEEvE
 error: unable cast any from x to FNSt3__112basic_stringIDiNS_11char_traitsIDiEENS_9allocatorIDiEEEEvE
 error: unable cast any from x to FNSt3__112basic_stringIDiNS_11char_traitsIDiEENS_9allocatorIDiEEEEv
 
error: unable cast any from NSt3__112basic_stringIDiNS_11char_traitsIDiEENS_9allocatorIDiEEEE to FNSt3__112basic_stringIDiNS_11char_traitsIDiEENS_9allocatorIDiEEEEvE
 error: unable cast any from NSt3__112basic_stringIDiNS_11char_traitsIDiEENS_9allocatorIDiEEEE to FNSt3__112basic_stringIDiNS_11char_traitsIDiEENS_9allocatorIDiEEEEvE
 error: unable cast any from x to FNSt3__112basic_stringIDiNS_11char_traitsIDiEENS_9allocatorIDiEEEEvE
 error: unable cast any from x to FNSt3__112basic_stringIDiNS_11char_traitsIDiEENS_9allocatorIDiEEEEvE
 error: unable cast any from x to FNSt3__112basic_stringIDiNS_11char_traitsIDiEENS_9allocatorIDiEEEEvE
 
error: unable cast any from NSt3__112basic_stringIDiNS_11char_traitsIDiEENS_9allocatorIDiEEEE to FNSt3__112basic_stringIDiNS_11char_traitsIDiEENS_9allocatorIDiEEEEvE
 error: unable cast any from NSt3__112basic_stringIDiNS_11char_traitsIDiEENS_9allocatorIDiEEEE to FNSt3__112basic_stringIDiNS_11char_traitsIDiEENS_9allocatorIDiEEEEvE
 error: unable cast any from x to FNSt3__112basic_stringIDiNS_11char_traitsIDiEENS_9allocatorIDiEEEEvE
 error: unable cast any from x to FNSt3__112basic_stringIDiNS_11char_traitsIDiEENS_9allocatorIDiEEEEvE
 error: unable cast any from x to FNSt3__112basic_stringIDiNS_11char_traitsIDiEENS_9allocatorIDiEEEEvE
 
error: unable cast any from NSt3__112basic_stringIDiNS_11char_traitsIDiEENS_9allocatorIDiEEEE to FNSt3__112basic_stringIDiNS_11char_traitsIDiEENS_9allocatorIDiEEEEvE
 error: unable cast any from NSt3__112basic_stringIDiNS_11char_traitsIDiEENS_9allocatorIDiEEEE to FNSt3__112basic_stringIDiNS_11char_traitsIDiEENS_9allocatorIDiEEEEvE
 error: unable cast any from x to FNSt3__112basic_stringIDiNS_11char_traitsIDiEENS_9allocatorIDiEEEEvE
 error: unable cast any from x to FNSt3__112basic_stringIDiNS_11char_traitsIDiEENS_9allocatorIDiEEEEvE
 error: unable cast any from x to FNSt3__112basic_stringIDiNS_11char_traitsIDiEENS_9allocatorIDiEEEEvE
 
error: unable cast any from NSt3__112basic_stringIDiNS_11char_traitsIDiEENS_9allocatorIDiEEEE to FNSt3__112basic_stringIDiNS_11char_traitsIDiEENS_9allocatorIDiEEEEvE
 error: unable cast any from NSt3__112basic_stringIDiNS_11char_traitsIDiEENS_9allocatorIDiEEEE to FNSt3__112basic_stringIDiNS_11char_traitsIDiEENS_9allocatorIDiEEEEvE
 error: unable cast any from x to FNSt3__112basic_stringIDiNS_11char_traitsIDiEENS_9allocatorIDiEEEEvE
 error: unable cast any from x to FNSt3__112basic_stringIDiNS_11char_traitsIDiEENS_9allocatorIDiEEEEvE
 error: unable cast any from x to FNSt3__112basic_stringIDiNS_11char_traitsIDiEENS_9allocatorIDiEEEEvE
 
error: unable cast any from NSt3__112basic_stringIDiNS_11char_traitsIDiEENS_9allocatorIDiEEEE to FNSt3__112basic_stringIDiNS_11char_traitsIDiEENS_9allocatorIDiEEEEvE
 error: unable cast any from NSt3__112basic_stringIDiNS_11char_traitsIDiEENS_9allocatorIDiEEEE to FNSt3__112basic_stringIDiNS_11char_traitsIDiEENS_9allocatorIDiEEEEvE
 error: unable cast any from x to FNSt3__112basic_stringIDiNS_11char_traitsIDiEENS_9allocatorIDiEEEEvE
 error: unable cast any from x to FNSt3__112basic_stringIDiNS_11char_traitsIDiEENS_9allocatorIDiEEEEvE
 error: unable cast any from x to FNSt3__112basic_stringIDiNS_11char_traitsIDiEENS_9allocatorIDiEEEEvE
 
error: unable cast any from NSt3__112basic_stringIDiNS_11char_traitsIDiEENS_9allocatorIDiEEEE to FNSt3__112basic_stringIDiNS_11char_traitsIDiEENS_9allocatorIDiEEEEvE
 error: unable cast any from NSt3__112basic_stringIDiNS_11char_traitsIDiEENS_9allocatorIDiEEEE to FNSt3__112basic_stringIDiNS_11char_traitsIDiEENS_9allocatorIDiEEEEvE
 error: unable cast any from x to FNSt3__112basic_stringIDiNS_11char_traitsIDiEENS_9allocatorIDiEEEEvE
 error: unable cast any from x to FNSt3__112basic_stringIDiNS_11char_traitsIDiEENS_9allocatorIDiEEEEvE
 error: unable cast any from x to FNSt3__112basic_stringIDiNS_11char_traitsIDiEENS_9allocatorIDiEEEEvE
 
error: unable cast any from NSt3__112basic_stringIDiNS_11char_traitsIDiEENS_9allocatorIDiEEEE to FNSt3__112basic_stringIDiNS_11char_traitsIDiEENS_9allocatorIDiEEEEvE
 error: unable cast any from NSt3__112basic_stringIDiNS_11char_traitsIDiEENS_9allocatorIDiEEEE to FNSt3__112basic_stringIDiNS_11char_traitsIDiEENS_9allocatorIDiEEEEvE
 error: unable cast any from x to FNSt3__112basic_stringIDiNS_11char_traitsIDiEENS_9allocatorIDiEEEEvE
 error: unable cast any from x to FNSt3__112basic_stringIDiNS_11char_traitsIDiEENS_9allocatorIDiEEEEvE
 error: unable cast any from x to FNSt3__112basic_stringIDiNS_11char_traitsIDiEENS_9allocatorIDiEEEEvE
 
error: unable cast any from x to FxvE
error: unable cast any from x to FxvE
error: unable cast any from x to FxvE
error: unable cast any from x to FxvE
error: unable cast any from x to FxvE
error: unable cast any from x to FxvE
error: unable cast any from x to FxvE
error: unable cast any from x to FxvE
--
--
<<<<<< 1 >>>>>>>
1
0
--
