Failed to read: session.ignoreBorder
Setting default value
Failed to read: session.forcePseudoTransparency
Setting default value
Failed to read: session.colorsPerChannel
Setting default value
Failed to read: session.doubleClickInterval
Setting default value
Failed to read: session.tabPadding
Setting default value
Failed to read: session.styleOverlay
Setting default value
Failed to read: session.slitlistFile
Setting default value
Failed to read: session.appsFile
Setting default value
Failed to read: session.tabsAttachArea
Setting default value
Failed to read: session.menuSearch
Setting default value
Failed to read: session.cacheLife
Setting default value
Failed to read: session.cacheMax
Setting default value
Failed to read: session.autoRaiseDelay
Setting default value
Failed to read: session.ignoreBorder
Setting default value
Failed to read: session.forcePseudoTransparency
Setting default value
Failed to read: session.colorsPerChannel
Setting default value
Failed to read: session.doubleClickInterval
Setting default value
Failed to read: session.tabPadding
Setting default value
Failed to read: session.styleOverlay
Setting default value
Failed to read: session.slitlistFile
Setting default value
Failed to read: session.appsFile
Setting default value
Failed to read: session.tabsAttachArea
Setting default value
Failed to read: session.menuSearch
Setting default value
Failed to read: session.cacheLife
Setting default value
Failed to read: session.cacheMax
Setting default value
Failed to read: session.autoRaiseDelay
Setting default value
Failed to read: session.screen0.opaqueMove
Setting default value
Failed to read: session.screen0.fullMaximization
Setting default value
Failed to read: session.screen0.maxIgnoreIncrement
Setting default value
Failed to read: session.screen0.maxDisableMove
Setting default value
Failed to read: session.screen0.maxDisableResize
Setting default value
Failed to read: session.screen0.workspacewarping
Setting default value
Failed to read: session.screen0.showwindowposition
Setting default value
Failed to read: session.screen0.autoRaise
Setting default value
Failed to read: session.screen0.clickRaises
Setting default value
Failed to read: session.screen0.defaultDeco
Setting default value
Failed to read: session.screen0.tab.placement
Setting default value
Failed to read: session.screen0.windowMenu
Setting default value
Failed to read: session.screen0.noFocusWhileTypingDelay
Setting default value
Failed to read: session.screen0.workspaces
Setting default value
Failed to read: session.screen0.edgeSnapThreshold
Setting default value
Failed to read: session.screen0.window.focus.alpha
Setting default value
Failed to read: session.screen0.window.unfocus.alpha
Setting default value
Failed to read: session.screen0.menu.alpha
Setting default value
Failed to read: session.screen0.menuDelay
Setting default value
Failed to read: session.screen0.tab.width
Setting default value
Failed to read: session.screen0.tooltipDelay
Setting default value
Failed to read: session.screen0.allowRemoteActions
Setting default value
Failed to read: session.screen0.clientMenu.usePixmap
Setting default value
Failed to read: session.screen0.tabs.usePixmap
Setting default value
Failed to read: session.screen0.tabs.maxOver
Setting default value
Failed to read: session.screen0.tabs.intitlebar
Setting default value
Failed to read: session.screen0.focusModel
Setting default value
Failed to read: session.screen0.tabFocusModel
Setting default value
Failed to read: session.screen0.focusNewWindows
Setting default value
Failed to read: session.screen0.focusSameHead
Setting default value
Failed to read: session.screen0.rowPlacementDirection
Setting default value
Failed to read: session.screen0.colPlacementDirection
Setting default value
Failed to read: session.screen0.windowPlacement
Setting default value
Failed to read: session.ignoreBorder
Setting default value
Failed to read: session.forcePseudoTransparency
Setting default value
Failed to read: session.colorsPerChannel
Setting default value
Failed to read: session.doubleClickInterval
Setting default value
Failed to read: session.tabPadding
Setting default value
Failed to read: session.styleOverlay
Setting default value
Failed to read: session.slitlistFile
Setting default value
Failed to read: session.appsFile
Setting default value
Failed to read: session.tabsAttachArea
Setting default value
Failed to read: session.menuSearch
Setting default value
Failed to read: session.cacheLife
Setting default value
Failed to read: session.cacheMax
Setting default value
Failed to read: session.autoRaiseDelay
Setting default value
Failed to read: session.screen0.opaqueMove
Setting default value
Failed to read: session.screen0.fullMaximization
Setting default value
Failed to read: session.screen0.maxIgnoreIncrement
Setting default value
Failed to read: session.screen0.maxDisableMove
Setting default value
Failed to read: session.screen0.maxDisableResize
Setting default value
Failed to read: session.screen0.workspacewarping
Setting default value
Failed to read: session.screen0.showwindowposition
Setting default value
Failed to read: session.screen0.autoRaise
Setting default value
Failed to read: session.screen0.clickRaises
Setting default value
Failed to read: session.screen0.defaultDeco
Setting default value
Failed to read: session.screen0.tab.placement
Setting default value
Failed to read: session.screen0.windowMenu
Setting default value
Failed to read: session.screen0.noFocusWhileTypingDelay
Setting default value
Failed to read: session.screen0.workspaces
Setting default value
Failed to read: session.screen0.edgeSnapThreshold
Setting default value
Failed to read: session.screen0.window.focus.alpha
Setting default value
Failed to read: session.screen0.window.unfocus.alpha
Setting default value
Failed to read: session.screen0.menu.alpha
Setting default value
Failed to read: session.screen0.menuDelay
Setting default value
Failed to read: session.screen0.tab.width
Setting default value
Failed to read: session.screen0.tooltipDelay
Setting default value
Failed to read: session.screen0.allowRemoteActions
Setting default value
Failed to read: session.screen0.clientMenu.usePixmap
Setting default value
Failed to read: session.screen0.tabs.usePixmap
Setting default value
Failed to read: session.screen0.tabs.maxOver
Setting default value
Failed to read: session.screen0.tabs.intitlebar
Setting default value
Failed to read: session.screen0.focusModel
Setting default value
Failed to read: session.screen0.tabFocusModel
Setting default value
Failed to read: session.screen0.focusNewWindows
Setting default value
Failed to read: session.screen0.focusSameHead
Setting default value
Failed to read: session.screen0.rowPlacementDirection
Setting default value
Failed to read: session.screen0.colPlacementDirection
Setting default value
Failed to read: session.screen0.windowPlacement
Setting default value
Failed to read: session.screen0.slit.acceptKdeDockapps
Setting default value
Failed to read: session.screen0.slit.autoHide
Setting default value
Failed to read: session.screen0.slit.maxOver
Setting default value
Failed to read: session.screen0.slit.placement
Setting default value
Failed to read: session.screen0.slit.alpha
Setting default value
Failed to read: session.screen0.slit.onhead
Setting default value
Failed to read: session.screen0.slit.layer
Setting default value
Failed to read: session.screen0.toolbar.autoHide
Setting default value
Failed to read: session.screen0.toolbar.maxOver
Setting default value
Failed to read: session.screen0.toolbar.visible
Setting default value
Failed to read: session.screen0.toolbar.widthPercent
Setting default value
Failed to read: session.screen0.toolbar.alpha
Setting default value
Failed to read: session.screen0.toolbar.layer
Setting default value
Failed to read: session.screen0.toolbar.onhead
Setting default value
Failed to read: session.screen0.toolbar.placement
Setting default value
Failed to read: session.screen0.toolbar.height
Setting default value
Failed to read: session.screen0.toolbar.tools
Setting default value
Failed to read: session.screen0.iconbar.mode
Setting default value
Failed to read: session.screen0.iconbar.alignment
Setting default value
Failed to read: session.screen0.iconbar.iconWidth
Setting default value
Failed to read: session.screen0.iconbar.iconTextPadding
Setting default value
Failed to read: session.screen0.iconbar.usePixmap
Setting default value
Failed to read: session.screen0.strftimeFormat
Setting default value
Failed to read: session.ignoreBorder
Setting default value
Failed to read: session.forcePseudoTransparency
Setting default value
Failed to read: session.colorsPerChannel
Setting default value
Failed to read: session.doubleClickInterval
Setting default value
Failed to read: session.tabPadding
Setting default value
Failed to read: session.styleOverlay
Setting default value
Failed to read: session.slitlistFile
Setting default value
Failed to read: session.appsFile
Setting default value
Failed to read: session.tabsAttachArea
Setting default value
Failed to read: session.menuSearch
Setting default value
Failed to read: session.cacheLife
Setting default value
Failed to read: session.cacheMax
Setting default value
Failed to read: session.autoRaiseDelay
Setting default value
Failed to read: session.ignoreBorder
Setting default value
Failed to read: session.forcePseudoTransparency
Setting default value
Failed to read: session.colorsPerChannel
Setting default value
Failed to read: session.doubleClickInterval
Setting default value
Failed to read: session.tabPadding
Setting default value
Failed to read: session.styleOverlay
Setting default value
Failed to read: session.slitlistFile
Setting default value
Failed to read: session.appsFile
Setting default value
Failed to read: session.tabsAttachArea
Setting default value
Failed to read: session.menuSearch
Setting default value
Failed to read: session.cacheLife
Setting default value
Failed to read: session.cacheMax
Setting default value
Failed to read: session.autoRaiseDelay
Setting default value
Failed to read: session.screen0.opaqueMove
Setting default value
Failed to read: session.screen0.fullMaximization
Setting default value
Failed to read: session.screen0.maxIgnoreIncrement
Setting default value
Failed to read: session.screen0.maxDisableMove
Setting default value
Failed to read: session.screen0.maxDisableResize
Setting default value
Failed to read: session.screen0.workspacewarping
Setting default value
Failed to read: session.screen0.showwindowposition
Setting default value
Failed to read: session.screen0.autoRaise
Setting default value
Failed to read: session.screen0.clickRaises
Setting default value
Failed to read: session.screen0.defaultDeco
Setting default value
Failed to read: session.screen0.tab.placement
Setting default value
Failed to read: session.screen0.windowMenu
Setting default value
Failed to read: session.screen0.noFocusWhileTypingDelay
Setting default value
Failed to read: session.screen0.workspaces
Setting default value
Failed to read: session.screen0.edgeSnapThreshold
Setting default value
Failed to read: session.screen0.window.focus.alpha
Setting default value
Failed to read: session.screen0.window.unfocus.alpha
Setting default value
Failed to read: session.screen0.menu.alpha
Setting default value
Failed to read: session.screen0.menuDelay
Setting default value
Failed to read: session.screen0.tab.width
Setting default value
Failed to read: session.screen0.tooltipDelay
Setting default value
Failed to read: session.screen0.allowRemoteActions
Setting default value
Failed to read: session.screen0.clientMenu.usePixmap
Setting default value
Failed to read: session.screen0.tabs.usePixmap
Setting default value
Failed to read: session.screen0.tabs.maxOver
Setting default value
Failed to read: session.screen0.tabs.intitlebar
Setting default value
Failed to read: session.screen0.focusModel
Setting default value
Failed to read: session.screen0.tabFocusModel
Setting default value
Failed to read: session.screen0.focusNewWindows
Setting default value
Failed to read: session.screen0.focusSameHead
Setting default value
Failed to read: session.screen0.rowPlacementDirection
Setting default value
Failed to read: session.screen0.colPlacementDirection
Setting default value
Failed to read: session.screen0.windowPlacement
Setting default value
Failed to read: session.ignoreBorder
Setting default value
Failed to read: session.forcePseudoTransparency
Setting default value
Failed to read: session.colorsPerChannel
Setting default value
Failed to read: session.doubleClickInterval
Setting default value
Failed to read: session.tabPadding
Setting default value
Failed to read: session.styleOverlay
Setting default value
Failed to read: session.slitlistFile
Setting default value
Failed to read: session.appsFile
Setting default value
Failed to read: session.tabsAttachArea
Setting default value
Failed to read: session.menuSearch
Setting default value
Failed to read: session.cacheLife
Setting default value
Failed to read: session.cacheMax
Setting default value
Failed to read: session.autoRaiseDelay
Setting default value
Failed to read: session.screen0.opaqueMove
Setting default value
Failed to read: session.screen0.fullMaximization
Setting default value
Failed to read: session.screen0.maxIgnoreIncrement
Setting default value
Failed to read: session.screen0.maxDisableMove
Setting default value
Failed to read: session.screen0.maxDisableResize
Setting default value
Failed to read: session.screen0.workspacewarping
Setting default value
Failed to read: session.screen0.showwindowposition
Setting default value
Failed to read: session.screen0.autoRaise
Setting default value
Failed to read: session.screen0.clickRaises
Setting default value
Failed to read: session.screen0.defaultDeco
Setting default value
Failed to read: session.screen0.tab.placement
Setting default value
Failed to read: session.screen0.windowMenu
Setting default value
Failed to read: session.screen0.noFocusWhileTypingDelay
Setting default value
Failed to read: session.screen0.workspaces
Setting default value
Failed to read: session.screen0.edgeSnapThreshold
Setting default value
Failed to read: session.screen0.window.focus.alpha
Setting default value
Failed to read: session.screen0.window.unfocus.alpha
Setting default value
Failed to read: session.screen0.menu.alpha
Setting default value
Failed to read: session.screen0.menuDelay
Setting default value
Failed to read: session.screen0.tab.width
Setting default value
Failed to read: session.screen0.tooltipDelay
Setting default value
Failed to read: session.screen0.allowRemoteActions
Setting default value
Failed to read: session.screen0.clientMenu.usePixmap
Setting default value
Failed to read: session.screen0.tabs.usePixmap
Setting default value
Failed to read: session.screen0.tabs.maxOver
Setting default value
Failed to read: session.screen0.tabs.intitlebar
Setting default value
Failed to read: session.screen0.focusModel
Setting default value
Failed to read: session.screen0.tabFocusModel
Setting default value
Failed to read: session.screen0.focusNewWindows
Setting default value
Failed to read: session.screen0.focusSameHead
Setting default value
Failed to read: session.screen0.rowPlacementDirection
Setting default value
Failed to read: session.screen0.colPlacementDirection
Setting default value
Failed to read: session.screen0.windowPlacement
Setting default value
Failed to read: session.screen0.slit.acceptKdeDockapps
Setting default value
Failed to read: session.screen0.slit.autoHide
Setting default value
Failed to read: session.screen0.slit.maxOver
Setting default value
Failed to read: session.screen0.slit.placement
Setting default value
Failed to read: session.screen0.slit.alpha
Setting default value
Failed to read: session.screen0.slit.onhead
Setting default value
Failed to read: session.screen0.slit.layer
Setting default value
Failed to read: session.screen0.toolbar.autoHide
Setting default value
Failed to read: session.screen0.toolbar.maxOver
Setting default value
Failed to read: session.screen0.toolbar.visible
Setting default value
Failed to read: session.screen0.toolbar.widthPercent
Setting default value
Failed to read: session.screen0.toolbar.alpha
Setting default value
Failed to read: session.screen0.toolbar.layer
Setting default value
Failed to read: session.screen0.toolbar.onhead
Setting default value
Failed to read: session.screen0.toolbar.placement
Setting default value
Failed to read: session.screen0.toolbar.height
Setting default value
Failed to read: session.screen0.toolbar.tools
Setting default value
Failed to read: session.screen0.iconbar.mode
Setting default value
Failed to read: session.screen0.iconbar.alignment
Setting default value
Failed to read: session.screen0.iconbar.iconWidth
Setting default value
Failed to read: session.screen0.iconbar.iconTextPadding
Setting default value
Failed to read: session.screen0.iconbar.usePixmap
Setting default value
Failed to read: session.screen0.strftimeFormat
Setting default value
Failed to read: session.ignoreBorder
Setting default value
Failed to read: session.forcePseudoTransparency
Setting default value
Failed to read: session.colorsPerChannel
Setting default value
Failed to read: session.doubleClickInterval
Setting default value
Failed to read: session.tabPadding
Setting default value
Failed to read: session.styleOverlay
Setting default value
Failed to read: session.slitlistFile
Setting default value
Failed to read: session.appsFile
Setting default value
Failed to read: session.tabsAttachArea
Setting default value
Failed to read: session.menuSearch
Setting default value
Failed to read: session.cacheLife
Setting default value
Failed to read: session.cacheMax
Setting default value
Failed to read: session.autoRaiseDelay
Setting default value
Failed to read: session.ignoreBorder
Setting default value
Failed to read: session.forcePseudoTransparency
Setting default value
Failed to read: session.colorsPerChannel
Setting default value
Failed to read: session.doubleClickInterval
Setting default value
Failed to read: session.tabPadding
Setting default value
Failed to read: session.styleOverlay
Setting default value
Failed to read: session.slitlistFile
Setting default value
Failed to read: session.appsFile
Setting default value
Failed to read: session.tabsAttachArea
Setting default value
Failed to read: session.menuSearch
Setting default value
Failed to read: session.cacheLife
Setting default value
Failed to read: session.cacheMax
Setting default value
Failed to read: session.autoRaiseDelay
Setting default value
Failed to read: session.screen0.opaqueMove
Setting default value
Failed to read: session.screen0.fullMaximization
Setting default value
Failed to read: session.screen0.maxIgnoreIncrement
Setting default value
Failed to read: session.screen0.maxDisableMove
Setting default value
Failed to read: session.screen0.maxDisableResize
Setting default value
Failed to read: session.screen0.workspacewarping
Setting default value
Failed to read: session.screen0.showwindowposition
Setting default value
Failed to read: session.screen0.autoRaise
Setting default value
Failed to read: session.screen0.clickRaises
Setting default value
Failed to read: session.screen0.defaultDeco
Setting default value
Failed to read: session.screen0.tab.placement
Setting default value
Failed to read: session.screen0.windowMenu
Setting default value
Failed to read: session.screen0.noFocusWhileTypingDelay
Setting default value
Failed to read: session.screen0.workspaces
Setting default value
Failed to read: session.screen0.edgeSnapThreshold
Setting default value
Failed to read: session.screen0.window.focus.alpha
Setting default value
Failed to read: session.screen0.window.unfocus.alpha
Setting default value
Failed to read: session.screen0.menu.alpha
Setting default value
Failed to read: session.screen0.menuDelay
Setting default value
Failed to read: session.screen0.tab.width
Setting default value
Failed to read: session.screen0.tooltipDelay
Setting default value
Failed to read: session.screen0.allowRemoteActions
Setting default value
Failed to read: session.screen0.clientMenu.usePixmap
Setting default value
Failed to read: session.screen0.tabs.usePixmap
Setting default value
Failed to read: session.screen0.tabs.maxOver
Setting default value
Failed to read: session.screen0.tabs.intitlebar
Setting default value
Failed to read: session.screen0.focusModel
Setting default value
Failed to read: session.screen0.tabFocusModel
Setting default value
Failed to read: session.screen0.focusNewWindows
Setting default value
Failed to read: session.screen0.focusSameHead
Setting default value
Failed to read: session.screen0.rowPlacementDirection
Setting default value
Failed to read: session.screen0.colPlacementDirection
Setting default value
Failed to read: session.screen0.windowPlacement
Setting default value
Failed to read: session.ignoreBorder
Setting default value
Failed to read: session.forcePseudoTransparency
Setting default value
Failed to read: session.colorsPerChannel
Setting default value
Failed to read: session.doubleClickInterval
Setting default value
Failed to read: session.tabPadding
Setting default value
Failed to read: session.styleOverlay
Setting default value
Failed to read: session.slitlistFile
Setting default value
Failed to read: session.appsFile
Setting default value
Failed to read: session.tabsAttachArea
Setting default value
Failed to read: session.menuSearch
Setting default value
Failed to read: session.cacheLife
Setting default value
Failed to read: session.cacheMax
Setting default value
Failed to read: session.autoRaiseDelay
Setting default value
Failed to read: session.screen0.opaqueMove
Setting default value
Failed to read: session.screen0.fullMaximization
Setting default value
Failed to read: session.screen0.maxIgnoreIncrement
Setting default value
Failed to read: session.screen0.maxDisableMove
Setting default value
Failed to read: session.screen0.maxDisableResize
Setting default value
Failed to read: session.screen0.workspacewarping
Setting default value
Failed to read: session.screen0.showwindowposition
Setting default value
Failed to read: session.screen0.autoRaise
Setting default value
Failed to read: session.screen0.clickRaises
Setting default value
Failed to read: session.screen0.defaultDeco
Setting default value
Failed to read: session.screen0.tab.placement
Setting default value
Failed to read: session.screen0.windowMenu
Setting default value
Failed to read: session.screen0.noFocusWhileTypingDelay
Setting default value
Failed to read: session.screen0.workspaces
Setting default value
Failed to read: session.screen0.edgeSnapThreshold
Setting default value
Failed to read: session.screen0.window.focus.alpha
Setting default value
Failed to read: session.screen0.window.unfocus.alpha
Setting default value
Failed to read: session.screen0.menu.alpha
Setting default value
Failed to read: session.screen0.menuDelay
Setting default value
Failed to read: session.screen0.tab.width
Setting default value
Failed to read: session.screen0.tooltipDelay
Setting default value
Failed to read: session.screen0.allowRemoteActions
Setting default value
Failed to read: session.screen0.clientMenu.usePixmap
Setting default value
Failed to read: session.screen0.tabs.usePixmap
Setting default value
Failed to read: session.screen0.tabs.maxOver
Setting default value
Failed to read: session.screen0.tabs.intitlebar
Setting default value
Failed to read: session.screen0.focusModel
Setting default value
Failed to read: session.screen0.tabFocusModel
Setting default value
Failed to read: session.screen0.focusNewWindows
Setting default value
Failed to read: session.screen0.focusSameHead
Setting default value
Failed to read: session.screen0.rowPlacementDirection
Setting default value
Failed to read: session.screen0.colPlacementDirection
Setting default value
Failed to read: session.screen0.windowPlacement
Setting default value
Failed to read: session.screen0.slit.acceptKdeDockapps
Setting default value
Failed to read: session.screen0.slit.autoHide
Setting default value
Failed to read: session.screen0.slit.maxOver
Setting default value
Failed to read: session.screen0.slit.placement
Setting default value
Failed to read: session.screen0.slit.alpha
Setting default value
Failed to read: session.screen0.slit.onhead
Setting default value
Failed to read: session.screen0.slit.layer
Setting default value
Failed to read: session.screen0.toolbar.autoHide
Setting default value
Failed to read: session.screen0.toolbar.maxOver
Setting default value
Failed to read: session.screen0.toolbar.visible
Setting default value
Failed to read: session.screen0.toolbar.widthPercent
Setting default value
Failed to read: session.screen0.toolbar.alpha
Setting default value
Failed to read: session.screen0.toolbar.layer
Setting default value
Failed to read: session.screen0.toolbar.onhead
Setting default value
Failed to read: session.screen0.toolbar.placement
Setting default value
Failed to read: session.screen0.toolbar.height
Setting default value
Failed to read: session.screen0.toolbar.tools
Setting default value
Failed to read: session.screen0.iconbar.mode
Setting default value
Failed to read: session.screen0.iconbar.alignment
Setting default value
Failed to read: session.screen0.iconbar.iconWidth
Setting default value
Failed to read: session.screen0.iconbar.iconTextPadding
Setting default value
Failed to read: session.screen0.iconbar.usePixmap
Setting default value
Failed to read: session.screen0.strftimeFormat
Setting default value
Fluxbox: XIOError: lost connection to display.
Failed to read: session.ignoreBorder
Setting default value
Failed to read: session.forcePseudoTransparency
Setting default value
Failed to read: session.colorsPerChannel
Setting default value
Failed to read: session.doubleClickInterval
Setting default value
Failed to read: session.tabPadding
Setting default value
Failed to read: session.styleOverlay
Setting default value
Failed to read: session.slitlistFile
Setting default value
Failed to read: session.appsFile
Setting default value
Failed to read: session.tabsAttachArea
Setting default value
Failed to read: session.menuSearch
Setting default value
Failed to read: session.cacheLife
Setting default value
Failed to read: session.cacheMax
Setting default value
Failed to read: session.autoRaiseDelay
Setting default value
Failed to read: session.ignoreBorder
Setting default value
Failed to read: session.forcePseudoTransparency
Setting default value
Failed to read: session.colorsPerChannel
Setting default value
Failed to read: session.doubleClickInterval
Setting default value
Failed to read: session.tabPadding
Setting default value
Failed to read: session.styleOverlay
Setting default value
Failed to read: session.slitlistFile
Setting default value
Failed to read: session.appsFile
Setting default value
Failed to read: session.tabsAttachArea
Setting default value
Failed to read: session.menuSearch
Setting default value
Failed to read: session.cacheLife
Setting default value
Failed to read: session.cacheMax
Setting default value
Failed to read: session.autoRaiseDelay
Setting default value
Failed to read: session.screen0.opaqueMove
Setting default value
Failed to read: session.screen0.fullMaximization
Setting default value
Failed to read: session.screen0.maxIgnoreIncrement
Setting default value
Failed to read: session.screen0.maxDisableMove
Setting default value
Failed to read: session.screen0.maxDisableResize
Setting default value
Failed to read: session.screen0.workspacewarping
Setting default value
Failed to read: session.screen0.showwindowposition
Setting default value
Failed to read: session.screen0.autoRaise
Setting default value
Failed to read: session.screen0.clickRaises
Setting default value
Failed to read: session.screen0.defaultDeco
Setting default value
Failed to read: session.screen0.tab.placement
Setting default value
Failed to read: session.screen0.windowMenu
Setting default value
Failed to read: session.screen0.noFocusWhileTypingDelay
Setting default value
Failed to read: session.screen0.workspaces
Setting default value
Failed to read: session.screen0.edgeSnapThreshold
Setting default value
Failed to read: session.screen0.window.focus.alpha
Setting default value
Failed to read: session.screen0.window.unfocus.alpha
Setting default value
Failed to read: session.screen0.menu.alpha
Setting default value
Failed to read: session.screen0.menuDelay
Setting default value
Failed to read: session.screen0.tab.width
Setting default value
Failed to read: session.screen0.tooltipDelay
Setting default value
Failed to read: session.screen0.allowRemoteActions
Setting default value
Failed to read: session.screen0.clientMenu.usePixmap
Setting default value
Failed to read: session.screen0.tabs.usePixmap
Setting default value
Failed to read: session.screen0.tabs.maxOver
Setting default value
Failed to read: session.screen0.tabs.intitlebar
Setting default value
Failed to read: session.screen0.focusModel
Setting default value
Failed to read: session.screen0.tabFocusModel
Setting default value
Failed to read: session.screen0.focusNewWindows
Setting default value
Failed to read: session.screen0.focusSameHead
Setting default value
Failed to read: session.screen0.rowPlacementDirection
Setting default value
Failed to read: session.screen0.colPlacementDirection
Setting default value
Failed to read: session.screen0.windowPlacement
Setting default value
Failed to read: session.ignoreBorder
Setting default value
Failed to read: session.forcePseudoTransparency
Setting default value
Failed to read: session.colorsPerChannel
Setting default value
Failed to read: session.doubleClickInterval
Setting default value
Failed to read: session.tabPadding
Setting default value
Failed to read: session.styleOverlay
Setting default value
Failed to read: session.slitlistFile
Setting default value
Failed to read: session.appsFile
Setting default value
Failed to read: session.tabsAttachArea
Setting default value
Failed to read: session.menuSearch
Setting default value
Failed to read: session.cacheLife
Setting default value
Failed to read: session.cacheMax
Setting default value
Failed to read: session.autoRaiseDelay
Setting default value
Failed to read: session.screen0.opaqueMove
Setting default value
Failed to read: session.screen0.fullMaximization
Setting default value
Failed to read: session.screen0.maxIgnoreIncrement
Setting default value
Failed to read: session.screen0.maxDisableMove
Setting default value
Failed to read: session.screen0.maxDisableResize
Setting default value
Failed to read: session.screen0.workspacewarping
Setting default value
Failed to read: session.screen0.showwindowposition
Setting default value
Failed to read: session.screen0.autoRaise
Setting default value
Failed to read: session.screen0.clickRaises
Setting default value
Failed to read: session.screen0.defaultDeco
Setting default value
Failed to read: session.screen0.tab.placement
Setting default value
Failed to read: session.screen0.windowMenu
Setting default value
Failed to read: session.screen0.noFocusWhileTypingDelay
Setting default value
Failed to read: session.screen0.workspaces
Setting default value
Failed to read: session.screen0.edgeSnapThreshold
Setting default value
Failed to read: session.screen0.window.focus.alpha
Setting default value
Failed to read: session.screen0.window.unfocus.alpha
Setting default value
Failed to read: session.screen0.menu.alpha
Setting default value
Failed to read: session.screen0.menuDelay
Setting default value
Failed to read: session.screen0.tab.width
Setting default value
Failed to read: session.screen0.tooltipDelay
Setting default value
Failed to read: session.screen0.allowRemoteActions
Setting default value
Failed to read: session.screen0.clientMenu.usePixmap
Setting default value
Failed to read: session.screen0.tabs.usePixmap
Setting default value
Failed to read: session.screen0.tabs.maxOver
Setting default value
Failed to read: session.screen0.tabs.intitlebar
Setting default value
Failed to read: session.screen0.focusModel
Setting default value
Failed to read: session.screen0.tabFocusModel
Setting default value
Failed to read: session.screen0.focusNewWindows
Setting default value
Failed to read: session.screen0.focusSameHead
Setting default value
Failed to read: session.screen0.rowPlacementDirection
Setting default value
Failed to read: session.screen0.colPlacementDirection
Setting default value
Failed to read: session.screen0.windowPlacement
Setting default value
Failed to read: session.screen0.slit.acceptKdeDockapps
Setting default value
Failed to read: session.screen0.slit.autoHide
Setting default value
Failed to read: session.screen0.slit.maxOver
Setting default value
Failed to read: session.screen0.slit.placement
Setting default value
Failed to read: session.screen0.slit.alpha
Setting default value
Failed to read: session.screen0.slit.onhead
Setting default value
Failed to read: session.screen0.slit.layer
Setting default value
Failed to read: session.screen0.toolbar.autoHide
Setting default value
Failed to read: session.screen0.toolbar.maxOver
Setting default value
Failed to read: session.screen0.toolbar.visible
Setting default value
Failed to read: session.screen0.toolbar.widthPercent
Setting default value
Failed to read: session.screen0.toolbar.alpha
Setting default value
Failed to read: session.screen0.toolbar.layer
Setting default value
Failed to read: session.screen0.toolbar.onhead
Setting default value
Failed to read: session.screen0.toolbar.placement
Setting default value
Failed to read: session.screen0.toolbar.height
Setting default value
Failed to read: session.screen0.toolbar.tools
Setting default value
Failed to read: session.screen0.iconbar.mode
Setting default value
Failed to read: session.screen0.iconbar.alignment
Setting default value
Failed to read: session.screen0.iconbar.iconWidth
Setting default value
Failed to read: session.screen0.iconbar.iconTextPadding
Setting default value
Failed to read: session.screen0.iconbar.usePixmap
Setting default value
Failed to read: session.screen0.strftimeFormat
Setting default value
Failed to read: session.screen0.titlebar.left
Setting default value
Failed to read: session.screen0.titlebar.right
Setting default value
Fluxbox: XIOError: lost connection to display.
0
0bp2.py
1
1563084019247648962527.jpg
168565825588.360.mp4
19
2
?
TLauncher-2.53.jar
Termux-Java
a.out
adb
bp2.py
bp3.py
bro.py
browser
button.png
cache.appcache
cd
chat
che.png
che.png0
clip
comp
conn.py
defserver
eiler.py
ex.py
fallback.html
fastboot
fileserver
ftp
game.py
gov
hduuid_v1
http
ic.txt
joinrep
key
key.py
log
logo.png
meu
nekopara.jpg
nekopara1.jpg
nekopara2.jpg
nekopara3.jpg
nekopara4.jpg
ngrok
nohup.out
one.cpp
pabr
pabr1
pfile
post.py
pr.txt
proxy
read
rewr
screen.py
se.py
server.py
sfile
snake.py
start-ubuntu.sh
stdin.py
storage
sudo
symb.py
test.py
tfile
tweaks.py
ub
ubuntu-binds
ubuntu-fs
ubuntu-in-termux
ubuntu.sh
x1b.py
zfile
zzz
ВКонтакте
root
