1653804140.336087 client started (33743): socket /private/tmp/tmate-503/N4s6aP, protocol 8
1653804140.336183 on Darwin 21.5.0 Darwin Kernel Version 21.5.0: Tue Apr 26 21:08:29 PDT 2022; root:xnu-8020.121.3~4/RELEASE_ARM64_T8101; libevent 2.1.12-stable (kqueue)
1653804140.336247 socket is /private/tmp/tmate-503/N4s6aP
1653804140.336277 trying connect
1653804140.336306 connect failed: No such file or directory
1653804140.336344 lock file is /private/tmp/tmate-503/N4s6aP.lock
1653804140.336453 flock succeeded
1653804140.336467 got lock (5)
1653804140.336480 trying connect
1653804140.336502 connect failed: No such file or directory
1653804140.337192 add peer 0x148008000: 6 (0x0)
1653804140.339591 sending message 100 to peer 0x148008000 (4 bytes)
1653804140.339623 sending message 101 to peer 0x148008000 (15 bytes)
1653804140.339641 sending message 102 to peer 0x148008000 (13 bytes)
1653804140.339656 sending message 108 to peer 0x148008000 (14 bytes)
1653804140.339672 sending message 104 to peer 0x148008000 (0 bytes)
1653804140.339689 sending message 107 to peer 0x148008000 (4 bytes)
1653804140.339708 sending message 105 to peer 0x148008000 (146 bytes)
1653804140.339732 sending message 105 to peer 0x148008000 (37 bytes)
1653804140.339744 sending message 105 to peer 0x148008000 (23 bytes)
1653804140.339758 sending message 105 to peer 0x148008000 (38 bytes)
1653804140.339770 sending message 105 to peer 0x148008000 (20 bytes)
1653804140.339782 sending message 105 to peer 0x148008000 (16 bytes)
1653804140.339800 sending message 105 to peer 0x148008000 (34 bytes)
1653804140.339816 sending message 105 to peer 0x148008000 (57 bytes)
1653804140.339838 sending message 105 to peer 0x148008000 (28 bytes)
1653804140.339850 sending message 105 to peer 0x148008000 (60 bytes)
1653804140.339863 sending message 105 to peer 0x148008000 (38 bytes)
1653804140.339875 sending message 105 to peer 0x148008000 (36 bytes)
1653804140.339890 sending message 105 to peer 0x148008000 (10 bytes)
1653804140.339906 sending message 105 to peer 0x148008000 (22 bytes)
1653804140.339922 sending message 105 to peer 0x148008000 (66 bytes)
1653804140.339938 sending message 105 to peer 0x148008000 (35 bytes)
1653804140.339956 sending message 105 to peer 0x148008000 (35 bytes)
1653804140.339968 sending message 105 to peer 0x148008000 (39 bytes)
1653804140.339978 sending message 105 to peer 0x148008000 (35 bytes)
1653804140.339991 sending message 105 to peer 0x148008000 (35 bytes)
1653804140.340013 sending message 105 to peer 0x148008000 (1209 bytes)
1653804140.340033 sending message 105 to peer 0x148008000 (54 bytes)
1653804140.340051 sending message 105 to peer 0x148008000 (43 bytes)
1653804140.340069 sending message 105 to peer 0x148008000 (18 bytes)
1653804140.340087 sending message 105 to peer 0x148008000 (37 bytes)
1653804140.340099 sending message 105 to peer 0x148008000 (17 bytes)
1653804140.340109 sending message 105 to peer 0x148008000 (38 bytes)
1653804140.340122 sending message 105 to peer 0x148008000 (36 bytes)
1653804140.340136 sending message 105 to peer 0x148008000 (22 bytes)
1653804140.340204 sending message 105 to peer 0x148008000 (14 bytes)
1653804140.340225 sending message 105 to peer 0x148008000 (37 bytes)
1653804140.340243 sending message 105 to peer 0x148008000 (37 bytes)
1653804140.340275 sending message 105 to peer 0x148008000 (33 bytes)
1653804140.340289 sending message 105 to peer 0x148008000 (78 bytes)
1653804140.340301 sending message 105 to peer 0x148008000 (19 bytes)
1653804140.340312 sending message 105 to peer 0x148008000 (8 bytes)
1653804140.340322 sending message 105 to peer 0x148008000 (17 bytes)
1653804140.340336 sending message 105 to peer 0x148008000 (14 bytes)
1653804140.340346 sending message 105 to peer 0x148008000 (27 bytes)
1653804140.340357 sending message 105 to peer 0x148008000 (38 bytes)
1653804140.340367 sending message 105 to peer 0x148008000 (30 bytes)
1653804140.340377 sending message 105 to peer 0x148008000 (36 bytes)
1653804140.340387 sending message 105 to peer 0x148008000 (61 bytes)
1653804140.340397 sending message 105 to peer 0x148008000 (13 bytes)
1653804140.340429 sending message 105 to peer 0x148008000 (85 bytes)
1653804140.340448 sending message 105 to peer 0x148008000 (37 bytes)
1653804140.340457 sending message 105 to peer 0x148008000 (19 bytes)
1653804140.340465 sending message 105 to peer 0x148008000 (11 bytes)
1653804140.340472 sending message 105 to peer 0x148008000 (24 bytes)
1653804140.340480 sending message 105 to peer 0x148008000 (20 bytes)
1653804140.340488 sending message 105 to peer 0x148008000 (26 bytes)
1653804140.340498 sending message 106 to peer 0x148008000 (0 bytes)
1653804140.340512 sending message 200 to peer 0x148008000 (4 bytes)
1653804140.340519 client loop enter
1653804140.357953 peer 0x148008000 message 207
1653804140.357978 sending message 208 to peer 0x148008000 (0 bytes)
1653804166.382201 peer 0x148008000 message 203
1653804166.382293 sending message 205 to peer 0x148008000 (0 bytes)
1653804166.382712 peer 0x148008000 message 204
1653804166.382744 client loop exit
